<?xml version="1.0" encoding="UTF-8"?>
<!-- Generated by org.testng.reporters.JUnitReportReporter -->
<testsuite skipped="0" hostname="DESKTOP-A7JRL7O" name="AllTopics.FileUpload" tests="1" failures="0" timestamp="16 Jul 2019 02:29:09 GMT" time="24.920" errors="0">
  <testcase name="LaunchChrome" time="24.920" classname="AllTopics.FileUpload"/>
</testsuite> <!-- AllTopics.FileUpload -->
