<?xml version="1.0" encoding="UTF-8"?>
<!-- Generated by org.testng.reporters.JUnitReportReporter -->
<testsuite skipped="0" hostname="DESKTOP-A7JRL7O" name="AllTopics.WindowHandlingPart1" tests="1" failures="0" timestamp="17 Jul 2019 03:42:37 GMT" time="38.476" errors="0">
  <testcase name="windowhandle" time="38.476" classname="AllTopics.WindowHandlingPart1"/>
</testsuite> <!-- AllTopics.WindowHandlingPart1 -->
