<?xml version="1.0" encoding="UTF-8"?>
<!-- Generated by org.testng.reporters.JUnitReportReporter -->
<testsuite skipped="0" hostname="DESKTOP-A7JRL7O" name="AllTopics.HandlingFrames" tests="1" failures="0" timestamp="16 Jul 2019 16:54:13 GMT" time="27.202" errors="0">
  <testcase name="HandleFrame" time="27.202" classname="AllTopics.HandlingFrames"/>
</testsuite> <!-- AllTopics.HandlingFrames -->
