<?xml version="1.0" encoding="UTF-8"?>
<!-- Generated by org.testng.reporters.JUnitReportReporter -->
<testsuite skipped="0" hostname="LAPTOP-R2A7MSSV" name="ParameterFromtestNG.ParameterPassing" tests="1" failures="0" timestamp="19 Nov 2019 03:29:06 GMT" time="17.847" errors="0">
  <testcase name="parameterpass" time="17.847" classname="ParameterFromtestNG.ParameterPassing"/>
</testsuite> <!-- ParameterFromtestNG.ParameterPassing -->
