<?xml version="1.0" encoding="UTF-8"?>
<!-- Generated by org.testng.reporters.JUnitReportReporter -->
<testsuite skipped="0" hostname="DESKTOP-A7JRL7O" name="AllTopics.LaunchingInternetExplorerBrowser" tests="1" failures="0" timestamp="15 Jul 2019 17:29:14 GMT" time="9.059" errors="0">
  <testcase name="LaunchIE" time="9.059" classname="AllTopics.LaunchingInternetExplorerBrowser"/>
</testsuite> <!-- AllTopics.LaunchingInternetExplorerBrowser -->
