<?xml version="1.0" encoding="UTF-8"?>
<!-- Generated by org.testng.reporters.JUnitReportReporter -->
<testsuite skipped="0" hostname="DESKTOP-A7JRL7O" name="AllTopics.TakeScreenshot" tests="1" failures="0" timestamp="17 Jul 2019 02:52:58 GMT" time="24.674" errors="0">
  <testcase name="takescreenshot" time="24.674" classname="AllTopics.TakeScreenshot"/>
</testsuite> <!-- AllTopics.TakeScreenshot -->
