<?xml version="1.0" encoding="UTF-8"?>
<!-- Generated by org.testng.reporters.JUnitReportReporter -->
<testsuite skipped="0" hostname="DESKTOP-A7JRL7O" name="AllTopics.Navigations" tests="1" failures="0" timestamp="17 Jul 2019 02:37:44 GMT" time="56.957" errors="0">
  <testcase name="navigate" time="56.957" classname="AllTopics.Navigations"/>
</testsuite> <!-- AllTopics.Navigations -->
