<?xml version="1.0" encoding="UTF-8"?>
<!-- Generated by org.testng.reporters.JUnitReportReporter -->
<testsuite skipped="0" hostname="DESKTOP-A7JRL7O" name="AllTopics.DragAndDrop" tests="1" failures="0" timestamp="16 Jul 2019 17:23:46 GMT" time="22.198" errors="0">
  <testcase name="draganddrop" time="22.198" classname="AllTopics.DragAndDrop"/>
</testsuite> <!-- AllTopics.DragAndDrop -->
