<?xml version="1.0" encoding="UTF-8"?>
<!-- Generated by org.testng.reporters.JUnitReportReporter -->
<testsuite skipped="0" hostname="DESKTOP-A7JRL7O" name="AllTopics.ExplicitWait" tests="1" failures="0" timestamp="17 Jul 2019 03:10:48 GMT" time="45.485" errors="0">
  <testcase name="explicitwait" time="45.485" classname="AllTopics.ExplicitWait"/>
</testsuite> <!-- AllTopics.ExplicitWait -->
