<?xml version="1.0" encoding="UTF-8"?>
<!-- Generated by org.testng.reporters.JUnitReportReporter -->
<testsuite skipped="0" hostname="DESKTOP-A7JRL7O" name="AllTopics.BootstrapDropDowns" tests="1" failures="0" timestamp="25 Jul 2019 03:13:33 GMT" time="15.618" errors="0">
  <testcase name="Bootstraphandling" time="15.618" classname="AllTopics.BootstrapDropDowns"/>
</testsuite> <!-- AllTopics.BootstrapDropDowns -->
