<?xml version="1.0" encoding="UTF-8"?>
<!-- Generated by org.testng.reporters.JUnitReportReporter -->
<testsuite skipped="0" hostname="DESKTOP-A7JRL7O" name="AllTopics.HandlingAlerts" tests="1" failures="0" timestamp="16 Jul 2019 02:15:59 GMT" time="40.047" errors="0">
  <testcase name="LaunchChrome" time="40.047" classname="AllTopics.HandlingAlerts"/>
</testsuite> <!-- AllTopics.HandlingAlerts -->
