<?xml version="1.0" encoding="UTF-8"?>
<!-- Generated by org.testng.reporters.JUnitReportReporter -->
<testsuite skipped="0" hostname="DESKTOP-A7JRL7O" name="AllTopics.ImplicitWait" tests="1" failures="0" timestamp="16 Jul 2019 17:30:37 GMT" time="27.135" errors="0">
  <testcase name="implicitlywait" time="27.135" classname="AllTopics.ImplicitWait"/>
</testsuite> <!-- AllTopics.ImplicitWait -->
