<?xml version="1.0" encoding="UTF-8"?>
<!-- Generated by org.testng.reporters.JUnitReportReporter -->
<testsuite skipped="0" hostname="DESKTOP-A7JRL7O" name="AllTopics.DatePickerByJS" tests="1" failures="0" timestamp="24 Jul 2019 16:44:19 GMT" time="28.550" errors="0">
  <testcase name="datepicker" time="28.550" classname="AllTopics.DatePickerByJS"/>
</testsuite> <!-- AllTopics.DatePickerByJS -->
