<?xml version="1.0" encoding="UTF-8"?>
<!-- Generated by org.testng.reporters.JUnitReportReporter -->
<testsuite skipped="0" hostname="DESKTOP-A7JRL7O" name="AllTopics.ScrollByJS" tests="1" failures="0" timestamp="24 Jul 2019 16:04:31 GMT" time="20.016" errors="0">
  <testcase name="Scrolling" time="20.016" classname="AllTopics.ScrollByJS"/>
</testsuite> <!-- AllTopics.ScrollByJS -->
