<?xml version="1.0" encoding="UTF-8"?>
<!-- Generated by org.testng.reporters.JUnitReportReporter -->
<testsuite skipped="0" hostname="DESKTOP-A7JRL7O" name="AllTopics.LaunchinChromeBrowser" tests="1" failures="0" timestamp="15 Jul 2019 17:15:02 GMT" time="28.961" errors="0">
  <testcase name="LaunchChrome" time="28.961" classname="AllTopics.LaunchinChromeBrowser"/>
</testsuite> <!-- AllTopics.LaunchinChromeBrowser -->
