<?xml version="1.0" encoding="UTF-8"?>
<!-- Generated by org.testng.reporters.JUnitReportReporter -->
<testsuite skipped="0" hostname="DESKTOP-A7JRL7O" name="AllTopics.HighlightElements" tests="1" failures="0" timestamp="24 Jul 2019 15:33:12 GMT" time="43.608" errors="0">
  <testcase name="Highlight" time="43.608" classname="AllTopics.HighlightElements"/>
</testsuite> <!-- AllTopics.HighlightElements -->
