<?xml version="1.0" encoding="UTF-8"?>
<!-- Generated by org.testng.reporters.JUnitReportReporter -->
<testsuite skipped="0" hostname="LAPTOP-R2A7MSSV" name="AllTopics.LocatorsPreference" tests="1" failures="0" timestamp="12 Nov 2019 03:37:39 GMT" time="7.532" errors="0">
  <testcase name="locatorsuse" time="7.532" classname="AllTopics.LocatorsPreference"/>
</testsuite> <!-- AllTopics.LocatorsPreference -->
