<?xml version="1.0" encoding="UTF-8"?>
<!-- Generated by org.testng.reporters.JUnitReportReporter -->
<testsuite skipped="0" hostname="LAPTOP-R2A7MSSV" name="AllTopics.SendkeysCharacterSequence" tests="1" failures="0" timestamp="11 Nov 2019 16:38:47 GMT" time="6.954" errors="0">
  <testcase name="LaunchChrome" time="6.954" classname="AllTopics.SendkeysCharacterSequence"/>
</testsuite> <!-- AllTopics.SendkeysCharacterSequence -->
