<?xml version="1.0" encoding="UTF-8"?>
<!-- Generated by org.testng.reporters.JUnitReportReporter -->
<testsuite skipped="0" hostname="DESKTOP-A7JRL7O" name="AllTopics.MouseMovement" tests="1" failures="0" timestamp="16 Jul 2019 17:12:31 GMT" time="75.790" errors="0">
  <testcase name="mousehovering" time="75.790" classname="AllTopics.MouseMovement"/>
</testsuite> <!-- AllTopics.MouseMovement -->
